#
# There is insufficient memory for the Java Runtime Environment to continue.
# Native memory allocation (malloc) failed to allocate 1434576 bytes. Error detail: Chunk::new
# Possible reasons:
#   The system is out of physical RAM or swap space
#   This process is running with CompressedOops enabled, and the Java Heap may be blocking the growth of the native heap
# Possible solutions:
#   Reduce memory load on the system
#   Increase physical memory or swap space
#   Check if swap backing store is full
#   Decrease Java heap size (-Xmx/-Xms)
#   Decrease number of Java threads
#   Decrease Java thread stack sizes (-Xss)
#   Set larger code cache with -XX:ReservedCodeCacheSize=
#   JVM is running with Unscaled Compressed Oops mode in which the Java heap is
#     placed in the first 4GB address space. The Java Heap base address is the
#     maximum limit for the native heap growth. Please use -XX:HeapBaseMinAddress
#     to set the Java Heap base and to place the Java Heap above 4GB virtual address.
# This output file may be truncated or incomplete.
#
#  Out of Memory Error (arena.cpp:191), pid=23764, tid=28500
#
# JRE version: OpenJDK Runtime Environment Corretto-17.0.11.9.1 (17.0.11+9) (build 17.0.11+9-LTS)
# Java VM: OpenJDK 64-Bit Server VM Corretto-17.0.11.9.1 (17.0.11+9-LTS, mixed mode, sharing, tiered, compressed oops, compressed class ptrs, g1 gc, windows-amd64)
# No core dump will be written. Minidumps are not enabled by default on client versions of Windows
#

---------------  S U M M A R Y ------------

Command Line: -Dfile.encoding=UTF-8 -Duser.country=KR -Duser.language=ko -Duser.variant com.talkpossible.project.ProjectApplication

Host: Intel(R) Core(TM) i5-8265U CPU @ 1.60GHz, 8 cores, 7G,  Windows 10 , 64 bit Build 19041 (10.0.19041.2364)
Time: Mon Sep 16 22:09:34 2024  Windows 10 , 64 bit Build 19041 (10.0.19041.2364) elapsed time: 17610.983756 seconds (0d 4h 53m 30s)

---------------  T H R E A D  ---------------

Current thread (0x000001c72430df40):  JavaThread "C2 CompilerThread0" daemon [_thread_in_native, id=28500, stack(0x000000c279e00000,0x000000c279f00000)]


Current CompileTask:
C2:17610984 20943       4       com.fasterxml.jackson.databind.introspect.AnnotatedFieldCollector::_findFields (194 bytes)

Stack: [0x000000c279e00000,0x000000c279f00000]
Native frames: (J=compiled Java code, j=interpreted, Vv=VM code, C=native code)
V  [jvm.dll+0x67d009]
V  [jvm.dll+0x83489a]
V  [jvm.dll+0x83635e]
V  [jvm.dll+0x8369c3]
V  [jvm.dll+0x2479df]
V  [jvm.dll+0xac534]
V  [jvm.dll+0xacb7c]
V  [jvm.dll+0x3661f2]
V  [jvm.dll+0x3307ba]
V  [jvm.dll+0x32fc5a]
V  [jvm.dll+0x21a0c1]
V  [jvm.dll+0x219501]
V  [jvm.dll+0x1a524d]
V  [jvm.dll+0x22920d]
V  [jvm.dll+0x2273dc]
V  [jvm.dll+0x7e9a07]
V  [jvm.dll+0x7e3e0a]
V  [jvm.dll+0x67bef5]
C  [ucrtbase.dll+0x21bb2]
C  [KERNEL32.DLL+0x17614]
C  [ntdll.dll+0x526a1]


---------------  P R O C E S S  ---------------

Threads class SMR info:
_java_thread_list=0x000001c76c3e2730, length=39, elements={
0x000001c7242eeb80, 0x000001c7242efa00, 0x000001c724304010, 0x000001c724307df0,
0x000001c7243097c0, 0x000001c72430c190, 0x000001c72430df40, 0x000001c724319f00,
0x000001c724326910, 0x000001c7244ee550, 0x000001c7244f3100, 0x000001c76b63eb00,
0x000001c76bd7e870, 0x000001c76bb52160, 0x000001c76bb51740, 0x000001c76bb549e0,
0x000001c76bb54ef0, 0x000001c76bb52670, 0x000001c76bb52b80, 0x000001c76bb535a0,
0x000001c76bb53090, 0x000001c76bb53fc0, 0x000001c76bb53ab0, 0x000001c76c25f9c0,
0x000001c76c263b90, 0x000001c76c25efa0, 0x000001c76c262240, 0x000001c76c2654e0,
0x000001c76c263680, 0x000001c76c25fed0, 0x000001c76c2640a0, 0x000001c76c261820,
0x000001c76c25f4b0, 0x000001c76c261d30, 0x000001c76c262750, 0x000001c76c2603e0,
0x000001c76c264fd0, 0x000001c76c25e070, 0x000001c76c2608f0
}

Java Threads: ( => current thread )
  0x000001c7242eeb80 JavaThread "Reference Handler" daemon [_thread_blocked, id=28392, stack(0x000000c279800000,0x000000c279900000)]
  0x000001c7242efa00 JavaThread "Finalizer" daemon [_thread_blocked, id=23400, stack(0x000000c279900000,0x000000c279a00000)]
  0x000001c724304010 JavaThread "Signal Dispatcher" daemon [_thread_blocked, id=27988, stack(0x000000c279a00000,0x000000c279b00000)]
  0x000001c724307df0 JavaThread "Attach Listener" daemon [_thread_blocked, id=27260, stack(0x000000c279b00000,0x000000c279c00000)]
  0x000001c7243097c0 JavaThread "Service Thread" daemon [_thread_blocked, id=19212, stack(0x000000c279c00000,0x000000c279d00000)]
  0x000001c72430c190 JavaThread "Monitor Deflation Thread" daemon [_thread_blocked, id=8212, stack(0x000000c279d00000,0x000000c279e00000)]
=>0x000001c72430df40 JavaThread "C2 CompilerThread0" daemon [_thread_in_native, id=28500, stack(0x000000c279e00000,0x000000c279f00000)]
  0x000001c724319f00 JavaThread "C1 CompilerThread0" daemon [_thread_blocked, id=17448, stack(0x000000c279f00000,0x000000c27a000000)]
  0x000001c724326910 JavaThread "Sweeper thread" daemon [_thread_blocked, id=22088, stack(0x000000c27a000000,0x000000c27a100000)]
  0x000001c7244ee550 JavaThread "Notification Thread" daemon [_thread_blocked, id=2588, stack(0x000000c27a100000,0x000000c27a200000)]
  0x000001c7244f3100 JavaThread "Common-Cleaner" daemon [_thread_blocked, id=9052, stack(0x000000c27a300000,0x000000c27a400000)]
  0x000001c76b63eb00 JavaThread "mysql-cj-abandoned-connection-cleanup" daemon [_thread_blocked, id=12140, stack(0x000000c27ac00000,0x000000c27ad00000)]
  0x000001c76bd7e870 JavaThread "HikariPool-1 housekeeper" daemon [_thread_blocked, id=21788, stack(0x000000c27ae00000,0x000000c27af00000)]
  0x000001c76bb52160 JavaThread "Catalina-utility-1" [_thread_blocked, id=26640, stack(0x000000c27b000000,0x000000c27b100000)]
  0x000001c76bb51740 JavaThread "Catalina-utility-2" [_thread_blocked, id=18296, stack(0x000000c27b100000,0x000000c27b200000)]
  0x000001c76bb549e0 JavaThread "container-0" [_thread_blocked, id=20176, stack(0x000000c27b200000,0x000000c27b300000)]
  0x000001c76bb54ef0 JavaThread "boundedElastic-evictor-1" daemon [_thread_blocked, id=14456, stack(0x000000c27af00000,0x000000c27b000000)]
  0x000001c76bb52670 JavaThread "reactor-http-nio-1" daemon [_thread_in_native, id=17092, stack(0x000000c27b300000,0x000000c27b400000)]
  0x000001c76bb52b80 JavaThread "reactor-http-nio-2" daemon [_thread_in_native, id=22032, stack(0x000000c27b400000,0x000000c27b500000)]
  0x000001c76bb535a0 JavaThread "reactor-http-nio-3" daemon [_thread_in_native, id=8008, stack(0x000000c27b500000,0x000000c27b600000)]
  0x000001c76bb53090 JavaThread "reactor-http-nio-4" daemon [_thread_in_native, id=2204, stack(0x000000c27b600000,0x000000c27b700000)]
  0x000001c76bb53fc0 JavaThread "reactor-http-nio-5" daemon [_thread_in_native, id=17632, stack(0x000000c27b700000,0x000000c27b800000)]
  0x000001c76bb53ab0 JavaThread "reactor-http-nio-6" daemon [_thread_in_native, id=7804, stack(0x000000c27b800000,0x000000c27b900000)]
  0x000001c76c25f9c0 JavaThread "reactor-http-nio-7" daemon [_thread_in_native, id=22932, stack(0x000000c27b900000,0x000000c27ba00000)]
  0x000001c76c263b90 JavaThread "reactor-http-nio-8" daemon [_thread_in_native, id=7752, stack(0x000000c27ba00000,0x000000c27bb00000)]
  0x000001c76c25efa0 JavaThread "Thread-9" daemon [_thread_in_native, id=24240, stack(0x000000c27bb00000,0x000000c27bc00000)]
  0x000001c76c262240 JavaThread "http-nio-8080-exec-1" daemon [_thread_blocked, id=19748, stack(0x000000c27bc00000,0x000000c27bd00000)]
  0x000001c76c2654e0 JavaThread "http-nio-8080-exec-2" daemon [_thread_blocked, id=15260, stack(0x000000c27bd00000,0x000000c27be00000)]
  0x000001c76c263680 JavaThread "http-nio-8080-exec-3" daemon [_thread_blocked, id=26720, stack(0x000000c27be00000,0x000000c27bf00000)]
  0x000001c76c25fed0 JavaThread "http-nio-8080-exec-4" daemon [_thread_blocked, id=19412, stack(0x000000c27bf00000,0x000000c27c000000)]
  0x000001c76c2640a0 JavaThread "http-nio-8080-exec-5" daemon [_thread_blocked, id=27292, stack(0x000000c27c000000,0x000000c27c100000)]
  0x000001c76c261820 JavaThread "http-nio-8080-exec-6" daemon [_thread_blocked, id=24936, stack(0x000000c27c100000,0x000000c27c200000)]
  0x000001c76c25f4b0 JavaThread "http-nio-8080-exec-7" daemon [_thread_blocked, id=7152, stack(0x000000c27c200000,0x000000c27c300000)]
  0x000001c76c261d30 JavaThread "http-nio-8080-exec-8" daemon [_thread_blocked, id=29044, stack(0x000000c27c300000,0x000000c27c400000)]
  0x000001c76c262750 JavaThread "http-nio-8080-exec-9" daemon [_thread_blocked, id=1736, stack(0x000000c27c400000,0x000000c27c500000)]
  0x000001c76c2603e0 JavaThread "http-nio-8080-exec-10" daemon [_thread_blocked, id=28384, stack(0x000000c27c500000,0x000000c27c600000)]
  0x000001c76c264fd0 JavaThread "http-nio-8080-Poller" daemon [_thread_in_native, id=21936, stack(0x000000c27c600000,0x000000c27c700000)]
  0x000001c76c25e070 JavaThread "http-nio-8080-Acceptor" daemon [_thread_in_native, id=6680, stack(0x000000c27c700000,0x000000c27c800000)]
  0x000001c76c2608f0 JavaThread "DestroyJavaVM" [_thread_blocked, id=24120, stack(0x000000c279100000,0x000000c279200000)]

Other Threads:
  0x000001c7242ebf80 VMThread "VM Thread" [stack: 0x000000c279700000,0x000000c279800000] [id=13948]
  0x000001c7244f2e60 WatcherThread [stack: 0x000000c27a200000,0x000000c27a300000] [id=23228]
  0x000001c7041029e0 GCTaskThread "GC Thread#0" [stack: 0x000000c279200000,0x000000c279300000] [id=11960]
  0x000001c7249c8e90 GCTaskThread "GC Thread#1" [stack: 0x000000c27a400000,0x000000c27a500000] [id=12076]
  0x000001c7249c9150 GCTaskThread "GC Thread#2" [stack: 0x000000c27a500000,0x000000c27a600000] [id=25304]
  0x000001c76a1151d0 GCTaskThread "GC Thread#3" [stack: 0x000000c27a600000,0x000000c27a700000] [id=15652]
  0x000001c76a115490 GCTaskThread "GC Thread#4" [stack: 0x000000c27a700000,0x000000c27a800000] [id=20000]
  0x000001c76a3c2880 GCTaskThread "GC Thread#5" [stack: 0x000000c27a900000,0x000000c27aa00000] [id=26516]
  0x000001c76a27d790 GCTaskThread "GC Thread#6" [stack: 0x000000c27aa00000,0x000000c27ab00000] [id=27668]
  0x000001c76a30fd90 GCTaskThread "GC Thread#7" [stack: 0x000000c27ab00000,0x000000c27ac00000] [id=20256]
  0x000001c7041132f0 ConcurrentGCThread "G1 Main Marker" [stack: 0x000000c279300000,0x000000c279400000] [id=19012]
  0x000001c7041144b0 ConcurrentGCThread "G1 Conc#0" [stack: 0x000000c279400000,0x000000c279500000] [id=26176]
  0x000001c76baad820 ConcurrentGCThread "G1 Conc#1" [stack: 0x000000c27a800000,0x000000c27a900000] [id=10796]
  0x000001c72418e4f0 ConcurrentGCThread "G1 Refine#0" [stack: 0x000000c279500000,0x000000c279600000] [id=19928]
  0x000001c72418ef20 ConcurrentGCThread "G1 Service" [stack: 0x000000c279600000,0x000000c279700000] [id=2768]

Threads with active compile tasks:
C2 CompilerThread0  17611154 20943       4       com.fasterxml.jackson.databind.introspect.AnnotatedFieldCollector::_findFields (194 bytes)

VM state: not at safepoint (normal execution)

VM Mutex/Monitor currently owned by a thread: None

Heap address: 0x0000000083200000, size: 1998 MB, Compressed Oops mode: 32-bit

CDS archive(s) mapped at: [0x000001c725000000-0x000001c725bb0000-0x000001c725bb0000), size 12255232, SharedBaseAddress: 0x000001c725000000, ArchiveRelocationMode: 1.
Compressed class space mapped at: 0x000001c726000000-0x000001c766000000, reserved size: 1073741824
Narrow klass base: 0x000001c725000000, Narrow klass shift: 0, Narrow klass range: 0x100000000

GC Precious Log:
 CPUs: 8 total, 8 available
 Memory: 7986M
 Large Page Support: Disabled
 NUMA Support: Disabled
 Compressed Oops: Enabled (32-bit)
 Heap Region Size: 1M
 Heap Min Capacity: 8M
 Heap Initial Capacity: 126M
 Heap Max Capacity: 1998M
 Pre-touch: Disabled
 Parallel Workers: 8
 Concurrent Workers: 2
 Concurrent Refinement Workers: 8
 Periodic GC: Disabled

Heap:
 garbage-first heap   total 79872K, used 62968K [0x0000000083200000, 0x0000000100000000)
  region size 1024K, 25 young (25600K), 1 survivors (1024K)
 Metaspace       used 100942K, committed 101632K, reserved 1179648K
  class space    used 12995K, committed 13376K, reserved 1048576K

Heap Regions: E=young(eden), S=young(survivor), O=old, HS=humongous(starts), HC=humongous(continues), CS=collection set, F=free, OA=open archive, CA=closed archive, TAMS=top-at-mark-start (previous, next)
|   0|0x0000000083200000, 0x0000000083300000, 0x0000000083300000|100%|HS|  |TAMS 0x0000000083300000, 0x0000000083200000| Complete 
|   1|0x0000000083300000, 0x0000000083400000, 0x0000000083400000|100%| O|  |TAMS 0x0000000083400000, 0x0000000083300000| Untracked 
|   2|0x0000000083400000, 0x0000000083500000, 0x0000000083500000|100%| O|  |TAMS 0x0000000083500000, 0x0000000083400000| Untracked 
|   3|0x0000000083500000, 0x0000000083600000, 0x0000000083600000|100%| O|  |TAMS 0x0000000083600000, 0x0000000083500000| Untracked 
|   4|0x0000000083600000, 0x0000000083700000, 0x0000000083700000|100%| O|  |TAMS 0x0000000083700000, 0x0000000083600000| Untracked 
|   5|0x0000000083700000, 0x0000000083800000, 0x0000000083800000|100%| O|  |TAMS 0x0000000083800000, 0x0000000083700000| Untracked 
|   6|0x0000000083800000, 0x0000000083900000, 0x0000000083900000|100%| O|  |TAMS 0x0000000083900000, 0x0000000083800000| Untracked 
|   7|0x0000000083900000, 0x00000000839f9e00, 0x0000000083a00000| 97%| O|  |TAMS 0x00000000839f9e00, 0x0000000083900000| Untracked 
|   8|0x0000000083a00000, 0x0000000083a52e00, 0x0000000083b00000| 32%| O|  |TAMS 0x0000000083a00000, 0x0000000083a00000| Untracked 
|   9|0x0000000083b00000, 0x0000000083c00000, 0x0000000083c00000|100%| O|  |TAMS 0x0000000083c00000, 0x0000000083b00000| Untracked 
|  10|0x0000000083c00000, 0x0000000083d00000, 0x0000000083d00000|100%| O|  |TAMS 0x0000000083d00000, 0x0000000083c00000| Untracked 
|  11|0x0000000083d00000, 0x0000000083e00000, 0x0000000083e00000|100%| O|  |TAMS 0x0000000083e00000, 0x0000000083d00000| Untracked 
|  12|0x0000000083e00000, 0x0000000083f00000, 0x0000000083f00000|100%| O|  |TAMS 0x0000000083f00000, 0x0000000083e00000| Untracked 
|  13|0x0000000083f00000, 0x0000000084000000, 0x0000000084000000|100%| O|  |TAMS 0x0000000084000000, 0x0000000083f00000| Untracked 
|  14|0x0000000084000000, 0x0000000084100000, 0x0000000084100000|100%| O|  |TAMS 0x0000000084100000, 0x0000000084000000| Untracked 
|  15|0x0000000084100000, 0x0000000084200000, 0x0000000084200000|100%| O|  |TAMS 0x0000000084200000, 0x0000000084100000| Untracked 
|  16|0x0000000084200000, 0x0000000084300000, 0x0000000084300000|100%| O|  |TAMS 0x0000000084300000, 0x0000000084200000| Untracked 
|  17|0x0000000084300000, 0x0000000084400000, 0x0000000084400000|100%| O|  |TAMS 0x0000000084400000, 0x0000000084300000| Untracked 
|  18|0x0000000084400000, 0x0000000084500000, 0x0000000084500000|100%| O|  |TAMS 0x0000000084500000, 0x0000000084400000| Untracked 
|  19|0x0000000084500000, 0x0000000084600000, 0x0000000084600000|100%| O|  |TAMS 0x0000000084600000, 0x0000000084500000| Untracked 
|  20|0x0000000084600000, 0x0000000084700000, 0x0000000084700000|100%| O|  |TAMS 0x0000000084700000, 0x0000000084600000| Untracked 
|  21|0x0000000084700000, 0x0000000084800000, 0x0000000084800000|100%| O|  |TAMS 0x0000000084800000, 0x0000000084700000| Untracked 
|  22|0x0000000084800000, 0x0000000084900000, 0x0000000084900000|100%| O|  |TAMS 0x0000000084900000, 0x0000000084800000| Untracked 
|  23|0x0000000084900000, 0x0000000084a00000, 0x0000000084a00000|100%| O|  |TAMS 0x0000000084a00000, 0x0000000084900000| Untracked 
|  24|0x0000000084a00000, 0x0000000084b00000, 0x0000000084b00000|100%| O|  |TAMS 0x0000000084b00000, 0x0000000084a00000| Untracked 
|  25|0x0000000084b00000, 0x0000000084c00000, 0x0000000084c00000|100%| O|  |TAMS 0x0000000084c00000, 0x0000000084b00000| Untracked 
|  26|0x0000000084c00000, 0x0000000084d00000, 0x0000000084d00000|100%| O|  |TAMS 0x0000000084d00000, 0x0000000084c00000| Untracked 
|  27|0x0000000084d00000, 0x0000000084e00000, 0x0000000084e00000|100%| O|  |TAMS 0x0000000084e00000, 0x0000000084d00000| Untracked 
|  28|0x0000000084e00000, 0x0000000084f00000, 0x0000000084f00000|100%| O|  |TAMS 0x0000000084e6fc00, 0x0000000084e00000| Untracked 
|  29|0x0000000084f00000, 0x0000000085000000, 0x0000000085000000|100%| O|  |TAMS 0x0000000085000000, 0x0000000084f00000| Untracked 
|  30|0x0000000085000000, 0x0000000085100000, 0x0000000085100000|100%| O|  |TAMS 0x0000000085100000, 0x0000000085000000| Untracked 
|  31|0x0000000085100000, 0x0000000085200000, 0x0000000085200000|100%| O|  |TAMS 0x0000000085200000, 0x0000000085100000| Untracked 
|  32|0x0000000085200000, 0x0000000085300000, 0x0000000085300000|100%| O|  |TAMS 0x0000000085300000, 0x0000000085200000| Untracked 
|  33|0x0000000085300000, 0x0000000085400000, 0x0000000085400000|100%| O|  |TAMS 0x0000000085400000, 0x0000000085300000| Untracked 
|  34|0x0000000085400000, 0x0000000085500000, 0x0000000085500000|100%| O|  |TAMS 0x0000000085500000, 0x0000000085400000| Untracked 
|  35|0x0000000085500000, 0x0000000085500000, 0x0000000085600000|  0%| F|  |TAMS 0x0000000085500000, 0x0000000085500000| Untracked 
|  36|0x0000000085600000, 0x0000000085600000, 0x0000000085700000|  0%| F|  |TAMS 0x0000000085600000, 0x0000000085600000| Untracked 
|  37|0x0000000085700000, 0x0000000085800000, 0x0000000085800000|100%| O|  |TAMS 0x0000000085800000, 0x0000000085700000| Untracked 
|  38|0x0000000085800000, 0x0000000085900000, 0x0000000085900000|100%| O|  |TAMS 0x0000000085900000, 0x0000000085800000| Untracked 
|  39|0x0000000085900000, 0x0000000085a00000, 0x0000000085a00000|100%| O|  |TAMS 0x0000000085a00000, 0x0000000085900000| Untracked 
|  40|0x0000000085a00000, 0x0000000085a00000, 0x0000000085b00000|  0%| F|  |TAMS 0x0000000085a00000, 0x0000000085a00000| Untracked 
|  41|0x0000000085b00000, 0x0000000085c00000, 0x0000000085c00000|100%| O|  |TAMS 0x0000000085c00000, 0x0000000085b00000| Untracked 
|  42|0x0000000085c00000, 0x0000000085c00000, 0x0000000085d00000|  0%| F|  |TAMS 0x0000000085c00000, 0x0000000085c00000| Untracked 
|  43|0x0000000085d00000, 0x0000000085d00000, 0x0000000085e00000|  0%| F|  |TAMS 0x0000000085d00000, 0x0000000085d00000| Untracked 
|  44|0x0000000085e00000, 0x0000000085e00000, 0x0000000085f00000|  0%| F|  |TAMS 0x0000000085e00000, 0x0000000085e00000| Untracked 
|  45|0x0000000085f00000, 0x0000000085f00000, 0x0000000086000000|  0%| F|  |TAMS 0x0000000085f00000, 0x0000000085f00000| Untracked 
|  46|0x0000000086000000, 0x0000000086100000, 0x0000000086100000|100%| O|  |TAMS 0x0000000086100000, 0x0000000086000000| Untracked 
|  47|0x0000000086100000, 0x0000000086100000, 0x0000000086200000|  0%| F|  |TAMS 0x0000000086100000, 0x0000000086100000| Untracked 
|  48|0x0000000086200000, 0x0000000086231690, 0x0000000086300000| 19%| S|CS|TAMS 0x0000000086200000, 0x0000000086200000| Complete 
|  49|0x0000000086300000, 0x0000000086300000, 0x0000000086400000|  0%| F|  |TAMS 0x0000000086300000, 0x0000000086300000| Untracked 
|  50|0x0000000086400000, 0x0000000086400000, 0x0000000086500000|  0%| F|  |TAMS 0x0000000086400000, 0x0000000086400000| Untracked 
|  51|0x0000000086500000, 0x0000000086500000, 0x0000000086600000|  0%| F|  |TAMS 0x0000000086500000, 0x0000000086500000| Untracked 
|  52|0x0000000086600000, 0x0000000086600000, 0x0000000086700000|  0%| F|  |TAMS 0x0000000086600000, 0x0000000086600000| Untracked 
|  53|0x0000000086700000, 0x0000000086700000, 0x0000000086800000|  0%| F|  |TAMS 0x0000000086700000, 0x0000000086700000| Untracked 
|  54|0x0000000086800000, 0x00000000868ae1b8, 0x0000000086900000| 68%| E|  |TAMS 0x0000000086800000, 0x0000000086800000| Complete 
|  55|0x0000000086900000, 0x0000000086a00000, 0x0000000086a00000|100%| E|  |TAMS 0x0000000086900000, 0x0000000086900000| Complete 
|  56|0x0000000086a00000, 0x0000000086b00000, 0x0000000086b00000|100%| E|CS|TAMS 0x0000000086a00000, 0x0000000086a00000| Complete 
|  57|0x0000000086b00000, 0x0000000086c00000, 0x0000000086c00000|100%| E|CS|TAMS 0x0000000086b00000, 0x0000000086b00000| Complete 
|  58|0x0000000086c00000, 0x0000000086d00000, 0x0000000086d00000|100%| E|CS|TAMS 0x0000000086c00000, 0x0000000086c00000| Complete 
|  59|0x0000000086d00000, 0x0000000086e00000, 0x0000000086e00000|100%| E|CS|TAMS 0x0000000086d00000, 0x0000000086d00000| Complete 
|  60|0x0000000086e00000, 0x0000000086f00000, 0x0000000086f00000|100%| E|CS|TAMS 0x0000000086e00000, 0x0000000086e00000| Complete 
|  61|0x0000000086f00000, 0x0000000087000000, 0x0000000087000000|100%| E|CS|TAMS 0x0000000086f00000, 0x0000000086f00000| Complete 
|  62|0x0000000087000000, 0x0000000087100000, 0x0000000087100000|100%| E|CS|TAMS 0x0000000087000000, 0x0000000087000000| Complete 
|  63|0x0000000087100000, 0x0000000087200000, 0x0000000087200000|100%| E|CS|TAMS 0x0000000087100000, 0x0000000087100000| Complete 
|  64|0x0000000087200000, 0x0000000087300000, 0x0000000087300000|100%| E|CS|TAMS 0x0000000087200000, 0x0000000087200000| Complete 
|  65|0x0000000087300000, 0x0000000087400000, 0x0000000087400000|100%| E|CS|TAMS 0x0000000087300000, 0x0000000087300000| Complete 
|  66|0x0000000087400000, 0x0000000087500000, 0x0000000087500000|100%| E|CS|TAMS 0x0000000087400000, 0x0000000087400000| Complete 
|  67|0x0000000087500000, 0x0000000087600000, 0x0000000087600000|100%| E|CS|TAMS 0x0000000087500000, 0x0000000087500000| Complete 
|  68|0x0000000087600000, 0x0000000087700000, 0x0000000087700000|100%| E|CS|TAMS 0x0000000087600000, 0x0000000087600000| Complete 
|  69|0x0000000087700000, 0x0000000087800000, 0x0000000087800000|100%| E|CS|TAMS 0x0000000087700000, 0x0000000087700000| Complete 
|  70|0x0000000087800000, 0x0000000087900000, 0x0000000087900000|100%| E|CS|TAMS 0x0000000087800000, 0x0000000087800000| Complete 
|  71|0x0000000087900000, 0x0000000087a00000, 0x0000000087a00000|100%| E|CS|TAMS 0x0000000087900000, 0x0000000087900000| Complete 
|  72|0x0000000087a00000, 0x0000000087b00000, 0x0000000087b00000|100%| E|CS|TAMS 0x0000000087a00000, 0x0000000087a00000| Complete 
|  73|0x0000000087b00000, 0x0000000087c00000, 0x0000000087c00000|100%| E|CS|TAMS 0x0000000087b00000, 0x0000000087b00000| Complete 
|  74|0x0000000087c00000, 0x0000000087d00000, 0x0000000087d00000|100%| E|CS|TAMS 0x0000000087c00000, 0x0000000087c00000| Complete 
|  75|0x0000000087d00000, 0x0000000087e00000, 0x0000000087e00000|100%| E|CS|TAMS 0x0000000087d00000, 0x0000000087d00000| Complete 
|  76|0x0000000087e00000, 0x0000000087f00000, 0x0000000087f00000|100%| E|CS|TAMS 0x0000000087e00000, 0x0000000087e00000| Complete 
| 125|0x000000008af00000, 0x000000008b000000, 0x000000008b000000|100%| E|CS|TAMS 0x000000008af00000, 0x000000008af00000| Complete 

Card table byte_map: [0x000001c71d1e0000,0x000001c71d5d0000] _byte_map_base: 0x000001c71cdc7000

Marking Bits (Prev, Next): (CMBitMap*) 0x000001c704103040, (CMBitMap*) 0x000001c704103000
 Prev Bits: [0x000001c71f900000, 0x000001c721838000)
 Next Bits: [0x000001c71d9c0000, 0x000001c71f8f8000)

Polling page: 0x000001c704150000

Metaspace:

Usage:
  Non-class:     85.89 MB used.
      Class:     12.69 MB used.
       Both:     98.58 MB used.

Virtual space:
  Non-class space:      128.00 MB reserved,      86.19 MB ( 67%) committed,  2 nodes.
      Class space:        1.00 GB reserved,      13.06 MB (  1%) committed,  1 nodes.
             Both:        1.12 GB reserved,      99.25 MB (  9%) committed. 

Chunk freelists:
   Non-Class:  9.72 MB
       Class:  3.09 MB
        Both:  12.82 MB

MaxMetaspaceSize: unlimited
CompressedClassSpaceSize: 1.00 GB
Initial GC threshold: 21.00 MB
Current GC threshold: 164.50 MB
CDS: on
MetaspaceReclaimPolicy: balanced
 - commit_granule_bytes: 65536.
 - commit_granule_words: 8192.
 - virtual_space_node_default_size: 8388608.
 - enlarge_chunks_in_place: 1.
 - new_chunks_are_fully_committed: 0.
 - uncommit_free_chunks: 1.
 - use_allocation_guard: 0.
 - handle_deallocations: 1.


Internal statistics:

num_allocs_failed_limit: 9.
num_arena_births: 1072.
num_arena_deaths: 322.
num_vsnodes_births: 3.
num_vsnodes_deaths: 0.
num_space_committed: 1588.
num_space_uncommitted: 0.
num_chunks_returned_to_freelist: 388.
num_chunks_taken_from_freelist: 4822.
num_chunk_merges: 117.
num_chunk_splits: 3364.
num_chunks_enlarged: 2637.
num_inconsistent_stats: 0.

CodeHeap 'non-profiled nmethods': size=120000Kb used=19245Kb max_used=19291Kb free=100755Kb
 bounds [0x000001c714e60000, 0x000001c716140000, 0x000001c71c390000]
CodeHeap 'profiled nmethods': size=120000Kb used=25130Kb max_used=30951Kb free=94869Kb
 bounds [0x000001c70d390000, 0x000001c70f1f0000, 0x000001c7148c0000]
CodeHeap 'non-nmethods': size=5760Kb used=1426Kb max_used=1526Kb free=4333Kb
 bounds [0x000001c7148c0000, 0x000001c714b30000, 0x000001c714e60000]
 total_blobs=16552 nmethods=15783 adapters=680
 compilation: enabled
              stopped_count=0, restarted_count=0
 full_count=0

Compilation events (20 events):
Event: 17594.593 Thread 0x000001c72430df40 nmethod 20933 0x000001c715f19290 code [0x000001c715f19420, 0x000001c715f19538]
Event: 17600.582 Thread 0x000001c72430df40 20934       4       com.fasterxml.jackson.databind.util.LRUMap::<init> (42 bytes)
Event: 17600.590 Thread 0x000001c72430df40 nmethod 20934 0x000001c716110690 code [0x000001c716110820, 0x000001c716110b28]
Event: 17600.595 Thread 0x000001c72430df40 20935       4       com.fasterxml.jackson.databind.introspect.POJOPropertyBuilder::isTypeId (33 bytes)
Event: 17600.607 Thread 0x000001c72430df40 nmethod 20935 0x000001c71610fe10 code [0x000001c71610ffc0, 0x000001c7161101f8]
Event: 17602.588 Thread 0x000001c72430df40 20936       4       com.fasterxml.jackson.databind.introspect.JacksonAnnotationIntrospector::isIgnorableType (29 bytes)
Event: 17602.590 Thread 0x000001c72430df40 nmethod 20936 0x000001c71610fa90 code [0x000001c71610fc20, 0x000001c71610fcd8]
Event: 17604.599 Thread 0x000001c72430df40 20937   !   4       com.fasterxml.jackson.databind.util.ClassUtil::getClassMethods (70 bytes)
Event: 17604.638 Thread 0x000001c72430df40 nmethod 20937 0x000001c71610e990 code [0x000001c71610ebc0, 0x000001c71610f500]
Event: 17606.607 Thread 0x000001c72430df40 20938       4       com.fasterxml.jackson.databind.SerializerProvider::findValueSerializer (68 bytes)
Event: 17606.707 Thread 0x000001c72430df40 nmethod 20938 0x000001c71610c690 code [0x000001c71610c920, 0x000001c71610dae0]
Event: 17606.708 Thread 0x000001c72430df40 20939       4       com.fasterxml.jackson.databind.ser.BeanPropertyWriter::assignSerializer (55 bytes)
Event: 17606.711 Thread 0x000001c72430df40 nmethod 20939 0x000001c71610c310 code [0x000001c71610c480, 0x000001c71610c5f8]
Event: 17608.580 Thread 0x000001c72430df40 20940       4       com.fasterxml.jackson.databind.introspect.POJOPropertyBuilder::mergeAnnotations (279 bytes)
Event: 17608.604 Thread 0x000001c724319f00 20942       2       com.fasterxml.jackson.databind.introspect.AnnotatedClass::_creators (55 bytes)
Event: 17608.606 Thread 0x000001c724319f00 nmethod 20942 0x000001c70d472a10 code [0x000001c70d472bc0, 0x000001c70d472d88]
Event: 17608.659 Thread 0x000001c72430df40 nmethod 20940 0x000001c71610b190 code [0x000001c71610b360, 0x000001c71610bca8]
Event: 17608.659 Thread 0x000001c72430df40 20941       4       com.fasterxml.jackson.databind.introspect.POJOPropertyBuilder::trimByVisibility (49 bytes)
Event: 17608.680 Thread 0x000001c72430df40 nmethod 20941 0x000001c71610aa10 code [0x000001c71610ab80, 0x000001c71610b038]
Event: 17610.597 Thread 0x000001c72430df40 20943       4       com.fasterxml.jackson.databind.introspect.AnnotatedFieldCollector::_findFields (194 bytes)

GC Heap History (20 events):
Event: 17277.575 GC heap before
{Heap before GC invocations=362 (full 0):
 garbage-first heap   total 79872K, used 67945K [0x0000000083200000, 0x0000000100000000)
  region size 1024K, 29 young (29696K), 1 survivors (1024K)
 Metaspace       used 100933K, committed 101632K, reserved 1179648K
  class space    used 12993K, committed 13376K, reserved 1048576K
}
Event: 17277.578 GC heap after
{Heap after GC invocations=363 (full 0):
 garbage-first heap   total 79872K, used 40376K [0x0000000083200000, 0x0000000100000000)
  region size 1024K, 1 young (1024K), 1 survivors (1024K)
 Metaspace       used 100933K, committed 101632K, reserved 1179648K
  class space    used 12993K, committed 13376K, reserved 1048576K
}
Event: 17310.618 GC heap before
{Heap before GC invocations=363 (full 0):
 garbage-first heap   total 79872K, used 68024K [0x0000000083200000, 0x0000000100000000)
  region size 1024K, 29 young (29696K), 1 survivors (1024K)
 Metaspace       used 100933K, committed 101632K, reserved 1179648K
  class space    used 12993K, committed 13376K, reserved 1048576K
}
Event: 17310.622 GC heap after
{Heap after GC invocations=364 (full 0):
 garbage-first heap   total 79872K, used 40373K [0x0000000083200000, 0x0000000100000000)
  region size 1024K, 1 young (1024K), 1 survivors (1024K)
 Metaspace       used 100933K, committed 101632K, reserved 1179648K
  class space    used 12993K, committed 13376K, reserved 1048576K
}
Event: 17344.599 GC heap before
{Heap before GC invocations=364 (full 0):
 garbage-first heap   total 79872K, used 68021K [0x0000000083200000, 0x0000000100000000)
  region size 1024K, 29 young (29696K), 1 survivors (1024K)
 Metaspace       used 100934K, committed 101632K, reserved 1179648K
  class space    used 12993K, committed 13376K, reserved 1048576K
}
Event: 17344.603 GC heap after
{Heap after GC invocations=365 (full 0):
 garbage-first heap   total 79872K, used 40352K [0x0000000083200000, 0x0000000100000000)
  region size 1024K, 1 young (1024K), 1 survivors (1024K)
 Metaspace       used 100934K, committed 101632K, reserved 1179648K
  class space    used 12993K, committed 13376K, reserved 1048576K
}
Event: 17378.577 GC heap before
{Heap before GC invocations=365 (full 0):
 garbage-first heap   total 79872K, used 68000K [0x0000000083200000, 0x0000000100000000)
  region size 1024K, 29 young (29696K), 1 survivors (1024K)
 Metaspace       used 100934K, committed 101632K, reserved 1179648K
  class space    used 12993K, committed 13376K, reserved 1048576K
}
Event: 17378.580 GC heap after
{Heap after GC invocations=366 (full 0):
 garbage-first heap   total 79872K, used 40405K [0x0000000083200000, 0x0000000100000000)
  region size 1024K, 1 young (1024K), 1 survivors (1024K)
 Metaspace       used 100934K, committed 101632K, reserved 1179648K
  class space    used 12993K, committed 13376K, reserved 1048576K
}
Event: 17412.585 GC heap before
{Heap before GC invocations=366 (full 0):
 garbage-first heap   total 79872K, used 68053K [0x0000000083200000, 0x0000000100000000)
  region size 1024K, 29 young (29696K), 1 survivors (1024K)
 Metaspace       used 100934K, committed 101632K, reserved 1179648K
  class space    used 12993K, committed 13376K, reserved 1048576K
}
Event: 17412.589 GC heap after
{Heap after GC invocations=367 (full 0):
 garbage-first heap   total 79872K, used 40392K [0x0000000083200000, 0x0000000100000000)
  region size 1024K, 1 young (1024K), 1 survivors (1024K)
 Metaspace       used 100934K, committed 101632K, reserved 1179648K
  class space    used 12993K, committed 13376K, reserved 1048576K
}
Event: 17446.574 GC heap before
{Heap before GC invocations=367 (full 0):
 garbage-first heap   total 79872K, used 68040K [0x0000000083200000, 0x0000000100000000)
  region size 1024K, 29 young (29696K), 1 survivors (1024K)
 Metaspace       used 100934K, committed 101632K, reserved 1179648K
  class space    used 12993K, committed 13376K, reserved 1048576K
}
Event: 17446.576 GC heap after
{Heap after GC invocations=368 (full 0):
 garbage-first heap   total 79872K, used 40397K [0x0000000083200000, 0x0000000100000000)
  region size 1024K, 1 young (1024K), 1 survivors (1024K)
 Metaspace       used 100934K, committed 101632K, reserved 1179648K
  class space    used 12993K, committed 13376K, reserved 1048576K
}
Event: 17480.582 GC heap before
{Heap before GC invocations=368 (full 0):
 garbage-first heap   total 79872K, used 68045K [0x0000000083200000, 0x0000000100000000)
  region size 1024K, 29 young (29696K), 1 survivors (1024K)
 Metaspace       used 100934K, committed 101632K, reserved 1179648K
  class space    used 12993K, committed 13376K, reserved 1048576K
}
Event: 17480.586 GC heap after
{Heap after GC invocations=369 (full 0):
 garbage-first heap   total 79872K, used 40388K [0x0000000083200000, 0x0000000100000000)
  region size 1024K, 1 young (1024K), 1 survivors (1024K)
 Metaspace       used 100934K, committed 101632K, reserved 1179648K
  class space    used 12993K, committed 13376K, reserved 1048576K
}
Event: 17514.580 GC heap before
{Heap before GC invocations=369 (full 0):
 garbage-first heap   total 79872K, used 68036K [0x0000000083200000, 0x0000000100000000)
  region size 1024K, 29 young (29696K), 1 survivors (1024K)
 Metaspace       used 100939K, committed 101632K, reserved 1179648K
  class space    used 12994K, committed 13376K, reserved 1048576K
}
Event: 17514.584 GC heap after
{Heap after GC invocations=370 (full 0):
 garbage-first heap   total 79872K, used 40393K [0x0000000083200000, 0x0000000100000000)
  region size 1024K, 1 young (1024K), 1 survivors (1024K)
 Metaspace       used 100939K, committed 101632K, reserved 1179648K
  class space    used 12994K, committed 13376K, reserved 1048576K
}
Event: 17548.568 GC heap before
{Heap before GC invocations=370 (full 0):
 garbage-first heap   total 79872K, used 68041K [0x0000000083200000, 0x0000000100000000)
  region size 1024K, 29 young (29696K), 1 survivors (1024K)
 Metaspace       used 100939K, committed 101632K, reserved 1179648K
  class space    used 12994K, committed 13376K, reserved 1048576K
}
Event: 17548.573 GC heap after
{Heap after GC invocations=371 (full 0):
 garbage-first heap   total 79872K, used 40341K [0x0000000083200000, 0x0000000100000000)
  region size 1024K, 1 young (1024K), 1 survivors (1024K)
 Metaspace       used 100939K, committed 101632K, reserved 1179648K
  class space    used 12994K, committed 13376K, reserved 1048576K
}
Event: 17580.585 GC heap before
{Heap before GC invocations=371 (full 0):
 garbage-first heap   total 79872K, used 67989K [0x0000000083200000, 0x0000000100000000)
  region size 1024K, 29 young (29696K), 1 survivors (1024K)
 Metaspace       used 100939K, committed 101632K, reserved 1179648K
  class space    used 12994K, committed 13376K, reserved 1048576K
}
Event: 17580.590 GC heap after
{Heap after GC invocations=372 (full 0):
 garbage-first heap   total 79872K, used 40440K [0x0000000083200000, 0x0000000100000000)
  region size 1024K, 1 young (1024K), 1 survivors (1024K)
 Metaspace       used 100939K, committed 101632K, reserved 1179648K
  class space    used 12994K, committed 13376K, reserved 1048576K
}

Dll operation events (11 events):
Event: 0.040 Loaded shared library C:\Users\erica\.jdks\corretto-17.0.11\bin\java.dll
Event: 0.131 Loaded shared library C:\Users\erica\.jdks\corretto-17.0.11\bin\jsvml.dll
Event: 0.437 Loaded shared library C:\Users\erica\.jdks\corretto-17.0.11\bin\net.dll
Event: 0.442 Loaded shared library C:\Users\erica\.jdks\corretto-17.0.11\bin\nio.dll
Event: 0.447 Loaded shared library C:\Users\erica\.jdks\corretto-17.0.11\bin\zip.dll
Event: 0.805 Loaded shared library C:\Users\erica\.jdks\corretto-17.0.11\bin\jimage.dll
Event: 4.651 Loaded shared library C:\Users\erica\.jdks\corretto-17.0.11\bin\sunmscapi.dll
Event: 9.538 Loaded shared library C:\Users\erica\.jdks\corretto-17.0.11\bin\management.dll
Event: 9.544 Loaded shared library C:\Users\erica\.jdks\corretto-17.0.11\bin\management_ext.dll
Event: 10.764 Loaded shared library C:\Users\erica\.jdks\corretto-17.0.11\bin\verify.dll
Event: 11.397 Loaded shared library C:\Users\erica\.jdks\corretto-17.0.11\bin\extnet.dll

Deoptimization events (20 events):
Event: 16754.575 Thread 0x000001c76c261820 DEOPT PACKING pc=0x000001c70e7a0577 sp=0x000000c27c1fdd50
Event: 16754.578 Thread 0x000001c76c261820 DEOPT UNPACKING pc=0x000001c714917143 sp=0x000000c27c1fd1f0 mode 0
Event: 16754.578 Thread 0x000001c76c261820 DEOPT PACKING pc=0x000001c70e768a49 sp=0x000000c27c1fddb0
Event: 16754.579 Thread 0x000001c76c261820 DEOPT UNPACKING pc=0x000001c714917143 sp=0x000000c27c1fd240 mode 0
Event: 16755.576 Thread 0x000001c76c2654e0 Uncommon trap: trap_request=0xffffff76 fr.pc=0x000001c7160d0b18 relative=0x0000000000001658
Event: 16755.576 Thread 0x000001c76c2654e0 Uncommon trap: reason=predicate action=maybe_recompile pc=0x000001c7160d0b18 method=ch.qos.logback.classic.spi.STEUtil.findNumberOfCommonFrames([Ljava/lang/StackTraceElement;[Lch/qos/logback/classic/spi/StackTraceElementProxy;)I @ 20 c2
Event: 16755.576 Thread 0x000001c76c2654e0 DEOPT PACKING pc=0x000001c7160d0b18 sp=0x000000c27bdfdb40
Event: 16755.576 Thread 0x000001c76c2654e0 DEOPT UNPACKING pc=0x000001c7149169a3 sp=0x000000c27bdfdae8 mode 2
Event: 17168.582 Thread 0x000001c76c262240 Uncommon trap: trap_request=0xfffffff4 fr.pc=0x000001c716106780 relative=0x0000000000006f00
Event: 17168.582 Thread 0x000001c76c262240 Uncommon trap: reason=null_check action=make_not_entrant pc=0x000001c716106780 method=com.fasterxml.jackson.databind.ser.BasicSerializerFactory.findSerializerByAnnotations(Lcom/fasterxml/jackson/databind/SerializerProvider;Lcom/fasterxml/jackson/databind/
Event: 17168.582 Thread 0x000001c76c262240 DEOPT PACKING pc=0x000001c716106780 sp=0x000000c27bcfd7c0
Event: 17168.582 Thread 0x000001c76c262240 DEOPT UNPACKING pc=0x000001c7149169a3 sp=0x000000c27bcfd6c0 mode 2
Event: 17170.585 Thread 0x000001c76c261820 Uncommon trap: trap_request=0xfffffff4 fr.pc=0x000001c716115c1c relative=0x0000000000006d3c
Event: 17170.585 Thread 0x000001c76c261820 Uncommon trap: reason=null_check action=make_not_entrant pc=0x000001c716115c1c method=com.fasterxml.jackson.databind.ser.BasicSerializerFactory.findSerializerByAnnotations(Lcom/fasterxml/jackson/databind/SerializerProvider;Lcom/fasterxml/jackson/databind/
Event: 17170.586 Thread 0x000001c76c261820 DEOPT PACKING pc=0x000001c716115c1c sp=0x000000c27c1fd8b0
Event: 17170.587 Thread 0x000001c76c261820 DEOPT UNPACKING pc=0x000001c7149169a3 sp=0x000000c27c1fd888 mode 2
Event: 17576.579 Thread 0x000001c76c2640a0 Uncommon trap: trap_request=0xffffff6e fr.pc=0x000001c7161158c8 relative=0x0000000000000b48
Event: 17576.582 Thread 0x000001c76c2640a0 Uncommon trap: reason=loop_limit_check action=maybe_recompile pc=0x000001c7161158c8 method=com.fasterxml.jackson.databind.introspect.AnnotatedCreatorCollector.collect(Lcom/fasterxml/jackson/databind/type/TypeFactory;Lcom/fasterxml/jackson/databind/JavaTyp
Event: 17576.583 Thread 0x000001c76c2640a0 DEOPT PACKING pc=0x000001c7161158c8 sp=0x000000c27c0fd480
Event: 17576.586 Thread 0x000001c76c2640a0 DEOPT UNPACKING pc=0x000001c7149169a3 sp=0x000000c27c0fd348 mode 2

Classes unloaded (20 events):
Event: 8596.250 Thread 0x000001c7242ebf80 Unloading class 0x000001c7260cd400 'java/lang/invoke/LambdaForm$MH+0x000001c7260cd400'
Event: 8596.250 Thread 0x000001c7242ebf80 Unloading class 0x000001c7260cd000 'java/lang/invoke/LambdaForm$MH+0x000001c7260cd000'
Event: 8596.250 Thread 0x000001c7242ebf80 Unloading class 0x000001c7260ccc00 'java/lang/invoke/LambdaForm$MH+0x000001c7260ccc00'
Event: 8596.250 Thread 0x000001c7242ebf80 Unloading class 0x000001c7260cc800 'java/lang/invoke/LambdaForm$MH+0x000001c7260cc800'
Event: 8596.250 Thread 0x000001c7242ebf80 Unloading class 0x000001c7260cc400 'java/lang/invoke/LambdaForm$MH+0x000001c7260cc400'
Event: 8596.250 Thread 0x000001c7242ebf80 Unloading class 0x000001c726082400 'java/lang/invoke/LambdaForm$MH+0x000001c726082400'
Event: 8596.250 Thread 0x000001c7242ebf80 Unloading class 0x000001c726082000 'java/lang/invoke/LambdaForm$MH+0x000001c726082000'
Event: 8596.250 Thread 0x000001c7242ebf80 Unloading class 0x000001c726081c00 'java/lang/invoke/LambdaForm$MH+0x000001c726081c00'
Event: 8596.250 Thread 0x000001c7242ebf80 Unloading class 0x000001c726081800 'java/lang/invoke/LambdaForm$MH+0x000001c726081800'
Event: 8596.250 Thread 0x000001c7242ebf80 Unloading class 0x000001c726081400 'java/lang/invoke/LambdaForm$MH+0x000001c726081400'
Event: 8596.250 Thread 0x000001c7242ebf80 Unloading class 0x000001c726081000 'java/lang/invoke/LambdaForm$MH+0x000001c726081000'
Event: 8596.250 Thread 0x000001c7242ebf80 Unloading class 0x000001c726017800 'java/lang/invoke/LambdaForm$MH+0x000001c726017800'
Event: 14634.241 Thread 0x000001c7242ebf80 Unloading class 0x000001c726938400 'java/lang/invoke/LambdaForm$MH+0x000001c726938400'
Event: 14634.242 Thread 0x000001c7242ebf80 Unloading class 0x000001c726a84000 'jdk/internal/reflect/GeneratedConstructorAccessor80'
Event: 14634.242 Thread 0x000001c7242ebf80 Unloading class 0x000001c726cfe400 'jdk/internal/reflect/GeneratedConstructorAccessor68'
Event: 14634.242 Thread 0x000001c7242ebf80 Unloading class 0x000001c726cfe000 'jdk/internal/reflect/GeneratedConstructorAccessor67'
Event: 14634.242 Thread 0x000001c7242ebf80 Unloading class 0x000001c726cfdc00 'jdk/internal/reflect/GeneratedConstructorAccessor66'
Event: 14672.033 Thread 0x000001c7242ebf80 Unloading class 0x000001c7260ce000 'jdk/internal/reflect/GeneratedConstructorAccessor85'
Event: 14672.033 Thread 0x000001c7242ebf80 Unloading class 0x000001c726c49800 'jdk/internal/reflect/GeneratedConstructorAccessor84'
Event: 14672.033 Thread 0x000001c7242ebf80 Unloading class 0x000001c726c70400 'jdk/internal/reflect/GeneratedConstructorAccessor83'

Classes redefined (0 events):
No events

Internal exceptions (20 events):
Event: 16287.620 Thread 0x000001c76bb53090 Exception <a 'java/net/ConnectException'{0x00000000874b6a18}: Connection refused: getsockopt> (0x00000000874b6a18) 
thrown [s\src\hotspot\share\prims\jni.cpp, line 535]
Event: 16287.624 Thread 0x000001c76bb53fc0 Exception <a 'java/net/ConnectException'{0x00000000874d6a20}: Connection refused: getsockopt> (0x00000000874d6a20) 
thrown [s\src\hotspot\share\prims\jni.cpp, line 535]
Event: 16288.608 Thread 0x000001c76bb53ab0 Exception <a 'java/net/ConnectException'{0x00000000873aa838}: Connection refused: getsockopt> (0x00000000873aa838) 
thrown [s\src\hotspot\share\prims\jni.cpp, line 535]
Event: 16289.619 Thread 0x000001c76c25f9c0 Exception <a 'java/net/ConnectException'{0x0000000087000a60}: Connection refused: getsockopt> (0x0000000087000a60) 
thrown [s\src\hotspot\share\prims\jni.cpp, line 535]
Event: 16289.620 Thread 0x000001c76c263b90 Exception <a 'java/net/ConnectException'{0x0000000087001778}: Connection refused: getsockopt> (0x0000000087001778) 
thrown [s\src\hotspot\share\prims\jni.cpp, line 535]
Event: 16289.625 Thread 0x000001c76bb52670 Exception <a 'java/net/ConnectException'{0x0000000087017498}: Connection refused: getsockopt> (0x0000000087017498) 
thrown [s\src\hotspot\share\prims\jni.cpp, line 535]
Event: 16290.605 Thread 0x000001c76bb52b80 Exception <a 'java/net/ConnectException'{0x00000000870f55f8}: Connection refused: getsockopt> (0x00000000870f55f8) 
thrown [s\src\hotspot\share\prims\jni.cpp, line 535]
Event: 16291.623 Thread 0x000001c76bb535a0 Exception <a 'java/net/ConnectException'{0x0000000086d3e470}: Connection refused: getsockopt> (0x0000000086d3e470) 
thrown [s\src\hotspot\share\prims\jni.cpp, line 535]
Event: 16291.623 Thread 0x000001c76bb53090 Exception <a 'java/net/ConnectException'{0x0000000086d4ca08}: Connection refused: getsockopt> (0x0000000086d4ca08) 
thrown [s\src\hotspot\share\prims\jni.cpp, line 535]
Event: 16291.629 Thread 0x000001c76bb53fc0 Exception <a 'java/net/ConnectException'{0x0000000086d71118}: Connection refused: getsockopt> (0x0000000086d71118) 
thrown [s\src\hotspot\share\prims\jni.cpp, line 535]
Event: 16292.613 Thread 0x000001c76bb53ab0 Exception <a 'java/net/ConnectException'{0x0000000086c4a118}: Connection refused: getsockopt> (0x0000000086c4a118) 
thrown [s\src\hotspot\share\prims\jni.cpp, line 535]
Event: 16293.615 Thread 0x000001c76c25f9c0 Exception <a 'java/net/ConnectException'{0x0000000086aa86d8}: Connection refused: getsockopt> (0x0000000086aa86d8) 
thrown [s\src\hotspot\share\prims\jni.cpp, line 535]
Event: 16293.616 Thread 0x000001c76c263b90 Exception <a 'java/net/ConnectException'{0x0000000086aad268}: Connection refused: getsockopt> (0x0000000086aad268) 
thrown [s\src\hotspot\share\prims\jni.cpp, line 535]
Event: 16293.620 Thread 0x000001c76bb52670 Exception <a 'java/net/ConnectException'{0x0000000086acdc18}: Connection refused: getsockopt> (0x0000000086acdc18) 
thrown [s\src\hotspot\share\prims\jni.cpp, line 535]
Event: 16294.622 Thread 0x000001c76bb52b80 Exception <a 'java/net/ConnectException'{0x00000000869b4ad0}: Connection refused: getsockopt> (0x00000000869b4ad0) 
thrown [s\src\hotspot\share\prims\jni.cpp, line 535]
Event: 16295.699 Thread 0x000001c76bb535a0 Exception <a 'java/net/ConnectException'{0x00000000867f5288}: Connection refused: getsockopt> (0x00000000867f5288) 
thrown [s\src\hotspot\share\prims\jni.cpp, line 535]
Event: 16295.701 Thread 0x000001c76bb53090 Exception <a 'java/net/ConnectException'{0x0000000086604510}: Connection refused: getsockopt> (0x0000000086604510) 
thrown [s\src\hotspot\share\prims\jni.cpp, line 535]
Event: 16295.703 Thread 0x000001c76bb53fc0 Exception <a 'java/net/ConnectException'{0x00000000866328c8}: Connection refused: getsockopt> (0x00000000866328c8) 
thrown [s\src\hotspot\share\prims\jni.cpp, line 535]
Event: 17168.581 Thread 0x000001c76c262240 Implicit null exception at 0x000001c7160ffa40 to 0x000001c716106748
Event: 17170.585 Thread 0x000001c76c261820 Implicit null exception at 0x000001c71610ef64 to 0x000001c716115bdc

VM Operations (20 events):
Event: 17548.568 Executing VM operation: G1CollectForAllocation
Event: 17548.573 Executing VM operation: G1CollectForAllocation done
Event: 17549.573 Executing VM operation: Cleanup
Event: 17549.573 Executing VM operation: Cleanup done
Event: 17556.156 Executing VM operation: HandshakeAllThreads
Event: 17556.156 Executing VM operation: HandshakeAllThreads done
Event: 17569.162 Executing VM operation: Cleanup
Event: 17569.162 Executing VM operation: Cleanup done
Event: 17573.163 Executing VM operation: Cleanup
Event: 17573.164 Executing VM operation: Cleanup done
Event: 17579.166 Executing VM operation: Cleanup
Event: 17579.166 Executing VM operation: Cleanup done
Event: 17580.585 Executing VM operation: G1CollectForAllocation
Event: 17580.590 Executing VM operation: G1CollectForAllocation done
Event: 17590.594 Executing VM operation: Cleanup
Event: 17590.595 Executing VM operation: Cleanup done
Event: 17594.596 Executing VM operation: Cleanup
Event: 17594.597 Executing VM operation: Cleanup done
Event: 17604.602 Executing VM operation: Cleanup
Event: 17604.602 Executing VM operation: Cleanup done

Events (20 events):
Event: 17512.771 Thread 0x000001c724326910 flushing nmethod 0x000001c70efa6090
Event: 17512.771 Thread 0x000001c724326910 flushing nmethod 0x000001c70efa6a90
Event: 17512.771 Thread 0x000001c724326910 flushing nmethod 0x000001c70efa7410
Event: 17512.771 Thread 0x000001c724326910 flushing nmethod 0x000001c70efb1a90
Event: 17512.771 Thread 0x000001c724326910 flushing nmethod 0x000001c70efba390
Event: 17512.771 Thread 0x000001c724326910 flushing nmethod 0x000001c70efc5d90
Event: 17512.772 Thread 0x000001c724326910 flushing nmethod 0x000001c70efc7d90
Event: 17512.772 Thread 0x000001c724326910 flushing nmethod 0x000001c70efcea10
Event: 17512.772 Thread 0x000001c724326910 flushing nmethod 0x000001c70efe8010
Event: 17512.772 Thread 0x000001c724326910 flushing nmethod 0x000001c70efeb490
Event: 17512.773 Thread 0x000001c724326910 flushing nmethod 0x000001c70f0b1010
Event: 17512.775 Thread 0x000001c724326910 flushing nmethod 0x000001c70f0e9490
Event: 17512.775 Thread 0x000001c724326910 flushing nmethod 0x000001c70f0ead10
Event: 17512.775 Thread 0x000001c724326910 flushing nmethod 0x000001c70f0ec810
Event: 17512.775 Thread 0x000001c724326910 flushing nmethod 0x000001c70f12f110
Event: 17512.777 Thread 0x000001c724326910 flushing nmethod 0x000001c70f133e90
Event: 17512.777 Thread 0x000001c724326910 flushing nmethod 0x000001c70f134a90
Event: 17512.777 Thread 0x000001c724326910 flushing nmethod 0x000001c70f135410
Event: 17512.777 Thread 0x000001c724326910 flushing nmethod 0x000001c70f13aa90
Event: 17512.778 Thread 0x000001c724326910 flushing nmethod 0x000001c70f1c3610


Dynamic libraries:
0x00007ff7f74a0000 - 0x00007ff7f74ae000 	C:\Users\erica\.jdks\corretto-17.0.11\bin\java.exe
0x00007fffb4430000 - 0x00007fffb4628000 	C:\WINDOWS\SYSTEM32\ntdll.dll
0x00007fffb38a0000 - 0x00007fffb395f000 	C:\WINDOWS\System32\KERNEL32.DLL
0x00007fffb1f90000 - 0x00007fffb2262000 	C:\WINDOWS\System32\KERNELBASE.dll
0x00007fffb1c60000 - 0x00007fffb1d60000 	C:\WINDOWS\System32\ucrtbase.dll
0x00007fffa9f30000 - 0x00007fffa9f47000 	C:\Users\erica\.jdks\corretto-17.0.11\bin\jli.dll
0x00007fffaa190000 - 0x00007fffaa1ab000 	C:\Users\erica\.jdks\corretto-17.0.11\bin\VCRUNTIME140.dll
0x00007fffb27d0000 - 0x00007fffb2971000 	C:\WINDOWS\System32\USER32.dll
0x00007fffb1d60000 - 0x00007fffb1d82000 	C:\WINDOWS\System32\win32u.dll
0x00007fffb3da0000 - 0x00007fffb3dcb000 	C:\WINDOWS\System32\GDI32.dll
0x00007fffb2270000 - 0x00007fffb237f000 	C:\WINDOWS\System32\gdi32full.dll
0x00007fff9e540000 - 0x00007fff9e7da000 	C:\WINDOWS\WinSxS\amd64_microsoft.windows.common-controls_6595b64144ccf1df_6.0.19041.1110_none_60b5254171f9507e\COMCTL32.dll
0x00007fffb1d90000 - 0x00007fffb1e2d000 	C:\WINDOWS\System32\msvcp_win.dll
0x00007fffb2730000 - 0x00007fffb27ce000 	C:\WINDOWS\System32\msvcrt.dll
0x00007fffb3a00000 - 0x00007fffb3a32000 	C:\WINDOWS\System32\IMM32.DLL
0x00007fffa9f20000 - 0x00007fffa9f2c000 	C:\Users\erica\.jdks\corretto-17.0.11\bin\vcruntime140_1.dll
0x00007fff8bf80000 - 0x00007fff8c00d000 	C:\Users\erica\.jdks\corretto-17.0.11\bin\msvcp140.dll
0x00007fff72050000 - 0x00007fff72cb2000 	C:\Users\erica\.jdks\corretto-17.0.11\bin\server\jvm.dll
0x00007fffb2d20000 - 0x00007fffb2dce000 	C:\WINDOWS\System32\ADVAPI32.dll
0x00007fffb3960000 - 0x00007fffb39fc000 	C:\WINDOWS\System32\sechost.dll
0x00007fffb2600000 - 0x00007fffb2725000 	C:\WINDOWS\System32\RPCRT4.dll
0x00007fffb1990000 - 0x00007fffb19db000 	C:\WINDOWS\SYSTEM32\POWRPROF.dll
0x00007fff9e510000 - 0x00007fff9e537000 	C:\WINDOWS\SYSTEM32\WINMM.dll
0x00007fff94050000 - 0x00007fff94059000 	C:\WINDOWS\SYSTEM32\WSOCK32.dll
0x00007fffa3890000 - 0x00007fffa389a000 	C:\WINDOWS\SYSTEM32\VERSION.dll
0x00007fffb3050000 - 0x00007fffb30bb000 	C:\WINDOWS\System32\WS2_32.dll
0x00007fffb1970000 - 0x00007fffb1982000 	C:\WINDOWS\SYSTEM32\UMPDC.dll
0x00007fffb0330000 - 0x00007fffb0342000 	C:\WINDOWS\SYSTEM32\kernel.appcore.dll
0x00007fffa9f10000 - 0x00007fffa9f1a000 	C:\Users\erica\.jdks\corretto-17.0.11\bin\jimage.dll
0x00007fffb0050000 - 0x00007fffb0234000 	C:\WINDOWS\SYSTEM32\DBGHELP.DLL
0x00007fffaebd0000 - 0x00007fffaec05000 	C:\WINDOWS\SYSTEM32\dbgcore.DLL
0x00007fffb1bd0000 - 0x00007fffb1c52000 	C:\WINDOWS\System32\bcryptPrimitives.dll
0x00007fffa9ee0000 - 0x00007fffa9f05000 	C:\Users\erica\.jdks\corretto-17.0.11\bin\java.dll
0x00007fff76650000 - 0x00007fff76727000 	C:\Users\erica\.jdks\corretto-17.0.11\bin\jsvml.dll
0x00007fffb30c0000 - 0x00007fffb3804000 	C:\WINDOWS\System32\SHELL32.dll
0x00007fffaf8b0000 - 0x00007fffb0042000 	C:\WINDOWS\SYSTEM32\windows.storage.dll
0x00007fffb3a40000 - 0x00007fffb3d95000 	C:\WINDOWS\System32\combase.dll
0x00007fffb14a0000 - 0x00007fffb14d0000 	C:\WINDOWS\SYSTEM32\Wldp.dll
0x00007fffb2f80000 - 0x00007fffb302d000 	C:\WINDOWS\System32\SHCORE.dll
0x00007fffb2b90000 - 0x00007fffb2be5000 	C:\WINDOWS\System32\shlwapi.dll
0x00007fffb1a60000 - 0x00007fffb1a7f000 	C:\WINDOWS\SYSTEM32\profapi.dll
0x00007fffa7ca0000 - 0x00007fffa7cb9000 	C:\Users\erica\.jdks\corretto-17.0.11\bin\net.dll
0x00007fffae800000 - 0x00007fffae90c000 	C:\WINDOWS\SYSTEM32\WINHTTP.dll
0x00007fffb11b0000 - 0x00007fffb121a000 	C:\WINDOWS\system32\mswsock.dll
0x00007fffa7c80000 - 0x00007fffa7c96000 	C:\Users\erica\.jdks\corretto-17.0.11\bin\nio.dll
0x00007fff97ef0000 - 0x00007fff97f08000 	C:\Users\erica\.jdks\corretto-17.0.11\bin\zip.dll
0x00007fffa7cc0000 - 0x00007fffa7cce000 	C:\Users\erica\.jdks\corretto-17.0.11\bin\sunmscapi.dll
0x00007fffb1e30000 - 0x00007fffb1f86000 	C:\WINDOWS\System32\CRYPT32.dll
0x00007fffb1510000 - 0x00007fffb1537000 	C:\WINDOWS\SYSTEM32\ncrypt.dll
0x00007fffb14d0000 - 0x00007fffb150b000 	C:\WINDOWS\SYSTEM32\NTASN1.dll
0x00007fffb1390000 - 0x00007fffb13a8000 	C:\WINDOWS\SYSTEM32\CRYPTSP.dll
0x00007fffb0ae0000 - 0x00007fffb0b14000 	C:\WINDOWS\system32\rsaenh.dll
0x00007fffb2380000 - 0x00007fffb23a7000 	C:\WINDOWS\System32\bcrypt.dll
0x00007fffb19e0000 - 0x00007fffb1a0e000 	C:\WINDOWS\SYSTEM32\USERENV.dll
0x00007fffb13b0000 - 0x00007fffb13bc000 	C:\WINDOWS\SYSTEM32\CRYPTBASE.dll
0x00007fffb0eb0000 - 0x00007fffb0eeb000 	C:\WINDOWS\SYSTEM32\IPHLPAPI.DLL
0x00007fffb2f60000 - 0x00007fffb2f68000 	C:\WINDOWS\System32\NSI.dll
0x00007fffa8a70000 - 0x00007fffa8a87000 	C:\WINDOWS\SYSTEM32\dhcpcsvc6.DLL
0x00007fffa8a50000 - 0x00007fffa8a6d000 	C:\WINDOWS\SYSTEM32\dhcpcsvc.DLL
0x00007fffb0f00000 - 0x00007fffb0fca000 	C:\WINDOWS\SYSTEM32\DNSAPI.dll
0x00007fffa87c0000 - 0x00007fffa87c9000 	C:\Users\erica\.jdks\corretto-17.0.11\bin\management.dll
0x00007fffa7cd0000 - 0x00007fffa7cdb000 	C:\Users\erica\.jdks\corretto-17.0.11\bin\management_ext.dll
0x00007fffb2b00000 - 0x00007fffb2b08000 	C:\WINDOWS\System32\PSAPI.DLL
0x00007fffa7a50000 - 0x00007fffa7a60000 	C:\Users\erica\.jdks\corretto-17.0.11\bin\verify.dll
0x00007fffaa5a0000 - 0x00007fffaa5aa000 	C:\Windows\System32\rasadhlp.dll
0x00007fffa25c0000 - 0x00007fffa2640000 	C:\WINDOWS\System32\fwpuclnt.dll
0x00007fffa7ee0000 - 0x00007fffa7ee9000 	C:\Users\erica\.jdks\corretto-17.0.11\bin\extnet.dll
0x00007fff8a270000 - 0x00007fff8a277000 	C:\WINDOWS\system32\wshunix.dll
0x00007fff98770000 - 0x00007fff98787000 	C:\WINDOWS\system32\napinsp.dll
0x00007fff94680000 - 0x00007fff9469b000 	C:\WINDOWS\system32\pnrpnsp.dll
0x00007fffabac0000 - 0x00007fffabad5000 	C:\WINDOWS\system32\wshbth.dll
0x00007fffac3d0000 - 0x00007fffac3ed000 	C:\WINDOWS\system32\NLAapi.dll
0x00007fff93860000 - 0x00007fff93872000 	C:\WINDOWS\System32\winrnr.dll

dbghelp: loaded successfully - version: 4.0.5 - missing functions: none
symbol engine: initialized successfully - sym options: 0x614 - pdb path: .;C:\Users\erica\.jdks\corretto-17.0.11\bin;C:\WINDOWS\SYSTEM32;C:\WINDOWS\WinSxS\amd64_microsoft.windows.common-controls_6595b64144ccf1df_6.0.19041.1110_none_60b5254171f9507e;C:\Users\erica\.jdks\corretto-17.0.11\bin\server

VM Arguments:
jvm_args: -Dfile.encoding=UTF-8 -Duser.country=KR -Duser.language=ko -Duser.variant 
java_command: com.talkpossible.project.ProjectApplication
java_class_path (initial): C:\AI_GPT\build\classes\java\main;C:\AI_GPT\build\resources\main;C:\Users\erica\.gradle\caches\modules-2\files-2.1\org.springframework.boot\spring-boot-starter-data-jpa\3.2.6\cf69a3c85d76746b3cf1828c6bb69a07bd7a19a8\spring-boot-starter-data-jpa-3.2.6.jar;C:\Users\erica\.gradle\caches\modules-2\files-2.1\org.springframework.boot\spring-boot-starter-web\3.2.6\8a06aa9bee3a1de70595a92a91b702c9923c49fc\spring-boot-starter-web-3.2.6.jar;C:\Users\erica\.gradle\caches\modules-2\files-2.1\org.springframework.boot\spring-boot-starter-validation\3.2.6\bfb0cd4c182992c0a272069ab69d46aba3e02502\spring-boot-starter-validation-3.2.6.jar;C:\Users\erica\.gradle\caches\modules-2\files-2.1\org.springframework.boot\spring-boot-starter-security\3.2.6\96abf3a8802ac448786ebc7dac5c9f9a54bcc2ec\spring-boot-starter-security-3.2.6.jar;C:\Users\erica\.gradle\caches\modules-2\files-2.1\io.jsonwebtoken\jjwt-impl\0.11.5\40a599f0e8a8e4e0701596fbb15e67bfda64fdf0\jjwt-impl-0.11.5.jar;C:\Users\erica\.gradle\caches\modules-2\files-2.1\io.jsonwebtoken\jjwt-jackson\0.11.5\3b83a06809e98a69402d7333dcf67df6f6ea4579\jjwt-jackson-0.11.5.jar;C:\Users\erica\.gradle\caches\modules-2\files-2.1\io.jsonwebtoken\jjwt-api\0.11.5\f742940045619d06383e7df37b21ac422b476cf1\jjwt-api-0.11.5.jar;C:\Users\erica\.gradle\caches\modules-2\files-2.1\org.postgresql\postgresql\42.7.3\24f3e9f7231428cd20eb4dde00dd3fce44e05464\postgresql-42.7.3.jar;C:\Users\erica\.gradle\caches\modules-2\files-2.1\org.springframework.boot\spring-boot-starter-webflux\3.2.6\167aff5f66ff0c630e9bbf0a64d09846cf8c129a\spring-boot-starter-webflux-3.2.6.jar;C:\Users\erica\.gradle\caches\modules-2\files-2.1\com.mysql\mysql-connector-j\8.3.0\1cc7fa5d61f4bbc113531a4ba6d85d41cf3d57e1\mysql-connector-j-8.3.0.jar;C:\Users\erica\.gradle\caches\modules-2\files-2.1\org.springframework.boot\spring-boot-starter-aop\3.2.6\10b15698107bfccabe2162f7b095fbe4fb67bba1\spring-boot-starter-aop-3.2.6.jar;C:\Users\erica\.gradle\caches\modules-2\files-
Launcher Type: SUN_STANDARD

[Global flags]
     intx CICompilerCount                          = 4                                         {product} {ergonomic}
     uint ConcGCThreads                            = 2                                         {product} {ergonomic}
     uint G1ConcRefinementThreads                  = 8                                         {product} {ergonomic}
   size_t G1HeapRegionSize                         = 1048576                                   {product} {ergonomic}
    uintx GCDrainStackTargetSize                   = 64                                        {product} {ergonomic}
   size_t InitialHeapSize                          = 132120576                                 {product} {ergonomic}
   size_t MarkStackSize                            = 4194304                                   {product} {ergonomic}
   size_t MaxHeapSize                              = 2095054848                                {product} {ergonomic}
   size_t MaxNewSize                               = 1256194048                                {product} {ergonomic}
   size_t MinHeapDeltaBytes                        = 1048576                                   {product} {ergonomic}
   size_t MinHeapSize                              = 8388608                                   {product} {ergonomic}
    uintx NonNMethodCodeHeapSize                   = 5839372                                {pd product} {ergonomic}
    uintx NonProfiledCodeHeapSize                  = 122909434                              {pd product} {ergonomic}
    uintx ProfiledCodeHeapSize                     = 122909434                              {pd product} {ergonomic}
    uintx ReservedCodeCacheSize                    = 251658240                              {pd product} {ergonomic}
     bool SegmentedCodeCache                       = true                                      {product} {ergonomic}
   size_t SoftMaxHeapSize                          = 2095054848                             {manageable} {ergonomic}
     bool UseCompressedClassPointers               = true                           {product lp64_product} {ergonomic}
     bool UseCompressedOops                        = true                           {product lp64_product} {ergonomic}
     bool UseG1GC                                  = true                                      {product} {ergonomic}
     bool UseLargePagesIndividualAllocation        = false                                  {pd product} {ergonomic}

Logging:
Log output configuration:
 #0: stdout all=warning uptime,level,tags
 #1: stderr all=off uptime,level,tags

Environment Variables:
JAVA_HOME=C:\Program Files\Java\jdk-11.0.17
PATH=C:\Program Files\Common Files\Oracle\Java\javapath;C:\Program Files (x86)\Windows Resource Kits\Tools\;C:\app\erica\product\18.0.0\dbhomeXE\bin;C:\Program Files (x86)\Intel\Intel(R) Management Engine Components\iCLS\;C:\Program Files\Intel\Intel(R) Management Engine Components\iCLS\;C:\WINDOWS\system32;C:\WINDOWS;C:\WINDOWS\System32\Wbem;C:\WINDOWS\System32\WindowsPowerShell\v1.0\;C:\WINDOWS\System32\OpenSSH\;C:\Program Files (x86)\Intel\Intel(R) Management Engine Components\DAL;C:\Program Files\Intel\Intel(R) Management Engine Components\DAL;c:\Program Files (x86)\Microsoft SQL Server\100\Tools\Binn\;c:\Program Files\Microsoft SQL Server\100\Tools\Binn\;c:\Program Files\Microsoft SQL Server\100\DTS\Binn\;C:\AutoSet10\Server\conf\;C:\AutoSet10\Server\bin\;C:\Program Files\Java\jdk-11.0.17\bin\;C:\Program Files\Git\cmd\;C:\Program Files\Git\bin\;C:\Program Files\nodejs\;C:\Program Files\Amazon\AWSCLIV2\;C:\Users\erica\AppData\Roaming\Python\Python38\Scripts;C:\Program Files\MySQL\MySQL Server 8.0\bin;C:\Program Files\Redis\;C:\Program Files\Docker\Docker\resources\bin;C:\Program Files\MySQL\MySQL Shell 8.0\bin\;C:\Users\erica\AppData\Local\Programs\Python\Python38\Scripts\;C:\Users\erica\AppData\Local\Programs\Python\Python38\;C:\Python37\Scripts\;C:\Python37\;C:\Users\erica\AppData\Local\Microsoft\WindowsApps;C:\Users\erica\AppData\Local\Microsoft\WindowsApps;C:\Microsoft VS Code\bin;C:\Program Files\Java\jdk1.8.0_321\bin;C:\Users\erica\AppData\Roaming\npm;C:\Program Files\JetBrains\IntelliJ IDEA Community Edition 2022.2.3\bin;
USERNAME=erica
TMPDIR=C:\Users\Public\Documents\ESTsoft\CreatorTemp
OS=Windows_NT
PROCESSOR_IDENTIFIER=Intel64 Family 6 Model 142 Stepping 11, GenuineIntel
TMP=C:\Users\erica\AppData\Local\Temp
TEMP=C:\Users\erica\AppData\Local\Temp



Periodic native trim disabled


---------------  S Y S T E M  ---------------

OS:
 Windows 10 , 64 bit Build 19041 (10.0.19041.2364)
OS uptime: 3 days 6:55 hours
Hyper-V role detected

CPU: total 8 (initial active 8) (4 cores per cpu, 2 threads per core) family 6 model 142 stepping 11 microcode 0xae, cx8, cmov, fxsr, ht, mmx, 3dnowpref, sse, sse2, sse3, ssse3, sse4.1, sse4.2, popcnt, lzcnt, tsc, tscinvbit, avx, avx2, aes, erms, clmul, bmi1, bmi2, adx, fma, vzeroupper, clflush, clflushopt, hv
Processor Information for processor 0
  Max Mhz: 1800, Current Mhz: 1400, Mhz Limit: 1584
Processor Information for processor 1
  Max Mhz: 1800, Current Mhz: 1600, Mhz Limit: 1584
Processor Information for processor 2
  Max Mhz: 1800, Current Mhz: 1600, Mhz Limit: 1584
Processor Information for processor 3
  Max Mhz: 1800, Current Mhz: 1600, Mhz Limit: 1584
Processor Information for processor 4
  Max Mhz: 1800, Current Mhz: 1600, Mhz Limit: 1584
Processor Information for processor 5
  Max Mhz: 1800, Current Mhz: 1600, Mhz Limit: 1584
Processor Information for processor 6
  Max Mhz: 1800, Current Mhz: 1600, Mhz Limit: 1584
Processor Information for processor 7
  Max Mhz: 1800, Current Mhz: 1600, Mhz Limit: 1584

Memory: 4k page, system-wide physical 7986M (887M free)
TotalPageFile size 32562M (AvailPageFile size 1M)
current process WorkingSet (physical memory assigned to process): 159M, peak: 318M
current process commit charge ("private bytes"): 382M, peak: 388M

vm_info: OpenJDK 64-Bit Server VM (17.0.11+9-LTS) for windows-amd64 JRE (17.0.11+9-LTS), built on Apr 10 2024 22:12:24 by "Administrator" with MS VC++ 16.10 / 16.11 (VS2019)

END.
